<?xml version="1.0" encoding="UTF-8"?>
<!-- Generated by org.testng.reporters.JUnitReportReporter -->
<testsuite hostname="DESKTOP-QMS6CDV" failures="0" tests="1" name="functional_tests.MaintenanceResetCertificate" time="19.002" errors="0" timestamp="2021-10-18T15:10:23 EDT" skipped="0">
  <testcase classname="functional_tests.MaintenanceResetCertificate" name="CP_001" time="19.002"/>
  <system-out/>
</testsuite> <!-- functional_tests.MaintenanceResetCertificate -->
