<?xml version="1.0" encoding="UTF-8"?>
<!-- Generated by org.testng.reporters.JUnitReportReporter -->
<testsuite hostname="DESKTOP-QMS6CDV" failures="0" tests="1" name="functional_tests.CertificateIssued" time="16.778" errors="0" timestamp="2021-10-18T14:56:27 EDT" skipped="0">
  <testcase classname="functional_tests.CertificateIssued" name="CP_001" time="16.778"/>
  <system-out/>
</testsuite> <!-- functional_tests.CertificateIssued -->
