<?xml version="1.0" encoding="UTF-8"?>
<!-- Generated by org.testng.reporters.JUnitReportReporter -->
<testsuite hostname="DESKTOP-QMS6CDV" failures="0" tests="1" name="functional_tests.BacklogCertificatePrint" time="17.957" errors="0" timestamp="2021-10-18T14:42:29 EDT" skipped="0">
  <testcase classname="functional_tests.BacklogCertificatePrint" name="CP_001" time="17.957"/>
  <system-out/>
</testsuite> <!-- functional_tests.BacklogCertificatePrint -->
