<?xml version="1.0" encoding="UTF-8"?>
<!-- Generated by org.testng.reporters.JUnitReportReporter -->
<testsuite hostname="DESKTOP-QMS6CDV" failures="0" tests="11" name="functional_tests.FT_CertificatePrining" time="4.992" errors="0" timestamp="2022-01-20T10:08:21 EST" skipped="10">
  <testcase classname="functional_tests.FT_CertificatePrining" name="Test_001_Certificate_Printing_Home" time="4.992"/>
  <system-out/>
  <testcase classname="functional_tests.FT_CertificatePrining" name="Test_012_Pool_Certificate_ReprintBatchCertCompleted">
    <skipped/>
  </testcase> <!-- Test_012_Pool_Certificate_ReprintBatchCertCompleted -->
  <system-out/>
  <testcase classname="functional_tests.FT_CertificatePrining" name="Test_019_Pool_Originator_Certificate_Print_Pool_Originator_Certificate_CompletedPrint">
    <skipped/>
  </testcase> <!-- Test_019_Pool_Originator_Certificate_Print_Pool_Originator_Certificate_CompletedPrint -->
  <system-out/>
  <testcase classname="functional_tests.FT_CertificatePrining" name="Test_030_Pool_Originator_Certificate_Mail_Log_QA_Approve">
    <skipped/>
  </testcase> <!-- Test_030_Pool_Originator_Certificate_Mail_Log_QA_Approve -->
  <system-out/>
  <testcase classname="functional_tests.FT_CertificatePrining" name="Test_010_Pool_Certificate_ReprintSingleCertCompleted">
    <skipped/>
  </testcase> <!-- Test_010_Pool_Certificate_ReprintSingleCertCompleted -->
  <system-out/>
  <testcase classname="functional_tests.FT_CertificatePrining" name="Test_024_Pool_Originator_Certificate_Void_CompletedVoidCert">
    <skipped/>
  </testcase> <!-- Test_024_Pool_Originator_Certificate_Void_CompletedVoidCert -->
  <system-out/>
  <testcase classname="functional_tests.FT_CertificatePrining" name="Test_007_Pool_Certificate_PrintSplitCertifcate_Completed">
    <skipped/>
  </testcase> <!-- Test_007_Pool_Certificate_PrintSplitCertifcate_Completed -->
  <system-out/>
  <testcase classname="functional_tests.FT_CertificatePrining" name="Test_038_Maintenance_Reset_Certificate_Search">
    <skipped/>
  </testcase> <!-- Test_038_Maintenance_Reset_Certificate_Search -->
  <system-out/>
  <testcase classname="functional_tests.FT_CertificatePrining" name="Test_031_Pool_Originator_Certificate_Mail_Log_QA_Reject">
    <skipped/>
  </testcase> <!-- Test_031_Pool_Originator_Certificate_Mail_Log_QA_Reject -->
  <system-out/>
  <testcase classname="functional_tests.FT_CertificatePrining" name="Test_005_Pool_Certificate_PrintPoolMasterCertificate_Completed">
    <skipped/>
  </testcase> <!-- Test_005_Pool_Certificate_PrintPoolMasterCertificate_Completed -->
  <system-out/>
  <testcase classname="functional_tests.FT_CertificatePrining" name="Test_029_Pool_Originator_Certificate_Mail_Log_SubbmitCreateMailLogCompleted">
    <skipped/>
  </testcase> <!-- Test_029_Pool_Originator_Certificate_Mail_Log_SubbmitCreateMailLogCompleted -->
  <system-out/>
</testsuite> <!-- functional_tests.FT_CertificatePrining -->
