<?xml version="1.0" encoding="UTF-8"?>
<!-- Generated by org.testng.reporters.JUnitReportReporter -->
<testsuite hostname="DESKTOP-QMS6CDV" failures="0" tests="1" name="functional_tests.PoolOriginatorCertificate" time="15.323" errors="0" timestamp="2021-10-21T15:15:11 EDT" skipped="0">
  <testcase classname="functional_tests.PoolOriginatorCertificate" name="CP_0031" time="15.323"/>
  <system-out/>
</testsuite> <!-- functional_tests.PoolOriginatorCertificate -->
