<?xml version="1.0" encoding="UTF-8"?>
<!-- Generated by org.testng.reporters.JUnitReportReporter -->
<testsuite hostname="DESKTOP-QMS6CDV" failures="0" tests="1" name="functional_tests.CertificatePrint" time="12.511" errors="0" timestamp="2021-10-07T15:32:29 EDT" skipped="0">
  <testcase classname="functional_tests.CertificatePrint" name="CP_Test" time="12.511"/>
  <system-out/>
</testsuite> <!-- functional_tests.CertificatePrint -->
