<?xml version="1.0" encoding="UTF-8"?>
<!-- Generated by org.testng.reporters.JUnitReportReporter -->
<testsuite hostname="DESKTOP-QMS6CDV" failures="0" tests="1" name="functional_tests.PoolCertificate" time="25.964" errors="0" timestamp="2021-10-20T14:19:31 EDT" skipped="0">
  <testcase classname="functional_tests.PoolCertificate" name="CP_001" time="25.964"/>
  <system-out/>
</testsuite> <!-- functional_tests.PoolCertificate -->
