<?xml version="1.0" encoding="UTF-8"?>
<!-- Generated by org.testng.reporters.JUnitReportReporter -->
<testsuite hostname="TheBoss" failures="0" tests="1" name="functional_tests.ST_PAYCHEX" time="5.709" errors="0" timestamp="2022-02-08T09:32:26 EST" skipped="0">
  <testcase classname="functional_tests.ST_PAYCHEX" name="Test_001_Home" time="5.709"/>
  <system-out/>
</testsuite> <!-- functional_tests.ST_PAYCHEX -->
